  Assembling asmLibrary.asm...
asmLibrary.asm(14): error A2013: .MODEL must precede this directive
asmLibrary.asm(15): error A2034: must be in segment block
asmLibrary.asm(16): error A2034: must be in segment block
asmLibrary.asm(17): error A2034: must be in segment block
asmLibrary.asm(18): error A2034: must be in segment block
asmLibrary.asm(19): error A2034: must be in segment block
asmLibrary.asm(20): error A2034: must be in segment block
asmLibrary.asm(21): error A2034: must be in segment block
asmLibrary.asm(22): error A2034: must be in segment block
asmLibrary.asm(28): error A2034: must be in segment block
asmLibrary.asm(29): error A2034: must be in segment block
asmLibrary.asm(30): error A2034: must be in segment block
asmLibrary.asm(31): error A2034: must be in segment block
asmLibrary.asm(32): error A2034: must be in segment block
asmLibrary.asm(33): error A2034: must be in segment block
asmLibrary.asm(34): error A2034: must be in segment block
asmLibrary.asm(35): error A2034: must be in segment block
asmLibrary.asm(36): error A2034: must be in segment block
asmLibrary.asm(42): error A2034: must be in segment block
asmLibrary.asm(43): error A2034: must be in segment block
asmLibrary.asm(44): error A2034: must be in segment block
asmLibrary.asm(45): error A2034: must be in segment block
asmLibrary.asm(46): error A2034: must be in segment block
asmLibrary.asm(47): error A2034: must be in segment block
asmLibrary.asm(48): error A2034: must be in segment block
asmLibrary.asm(49): error A2034: must be in segment block
asmLibrary.asm(50): error A2034: must be in segment block
asmLibrary.asm(52): error A2013: .MODEL must precede this directive
asmLibrary.asm(66): error A2034: must be in segment block : GET_GRAYSCALE
asmLibrary.asm(67): error A2034: must be in segment block
asmLibrary.asm(68): error A2034: must be in segment block
asmLibrary.asm(71): error A2034: must be in segment block
asmLibrary.asm(76): error A2034: must be in segment block
asmLibrary.asm(77): error A2034: must be in segment block
asmLibrary.asm(78): error A2034: must be in segment block
asmLibrary.asm(79): error A2034: must be in segment block
asmLibrary.asm(80): error A2034: must be in segment block
asmLibrary.asm(81): error A2034: must be in segment block
asmLibrary.asm(82): error A2034: must be in segment block
asmLibrary.asm(83): error A2034: must be in segment block
asmLibrary.asm(86): error A2034: must be in segment block
asmLibrary.asm(87): error A2034: must be in segment block
asmLibrary.asm(88): error A2034: must be in segment block
asmLibrary.asm(89): error A2034: must be in segment block
asmLibrary.asm(90): error A2034: must be in segment block
asmLibrary.asm(91): error A2034: must be in segment block
asmLibrary.asm(92): error A2034: must be in segment block
asmLibrary.asm(93): error A2034: must be in segment block
asmLibrary.asm(96): error A2034: must be in segment block
asmLibrary.asm(97): error A2034: must be in segment block
asmLibrary.asm(98): error A2034: must be in segment block
asmLibrary.asm(99): error A2034: must be in segment block
asmLibrary.asm(100): error A2034: must be in segment block
asmLibrary.asm(101): error A2034: must be in segment block
asmLibrary.asm(102): error A2034: must be in segment block
asmLibrary.asm(105): error A2034: must be in segment block
asmLibrary.asm(107): error A2034: must be in segment block
asmLibrary.asm(108): error A2034: must be in segment block
asmLibrary.asm(109): error A2034: must be in segment block
asmLibrary.asm(110): fatal error A1010: unmatched block nesting : GET_GRAYSCALE
C:\Program Files\Microsoft Visual Studio\2022\Community\MSBuild\Microsoft\VC\v170\BuildCustomizations\masm.targets(70,5): error MSB3721: The command "ml.exe /c /nologo /Zi /Fo"Release\asmLibrary.obj" /W3 /errorReport:prompt  /TaasmLibrary.asm" exited with code 1.
